2019-08-01 14:07:14: Comparing C:/Users/Jadison.Jadison-Note/Documents/RocketSeat/Backup/android/settings.gradle to C:/Users/Jadison.Jadison-Note/Documents/RocketSeat/Mobile/modulo06/android/settings.gradle
2019-08-01 14:07:14: Compare: diff "C:\Users\Jadison.Jadison-Note\Documents\RocketSeat\Backup\android\settings.gradle" "C:\Users\Jadison.Jadison-Note\Documents\RocketSeat\Mobile\modulo06\android\settings.gradle"
2019-08-01 14:07:14: ===== Done =====
2019-08-01 14:07:14: 
2019-08-01 14:40:02: == Sync Started by User Command
2019-08-01 14:40:03: Copiar Sobre 'C:/Users/Jadison.Jadison-Note/Documents/RocketSeat/Mobile/modulo06/android/.gradle/5.4.1/executionHistory/executionHistory.bin' -> 'C:/Users/Jadison.Jadison-Note/Documents/RocketSeat/Backup/android/.gradle/5.4.1/executionHistory/executionHistory.bin'
2019-08-01 14:40:03: Copiar Sobre 'C:/Users/Jadison.Jadison-Note/Documents/RocketSeat/Mobile/modulo06/android/.gradle/5.4.1/executionHistory/executionHistory.lock' -> 'C:/Users/Jadison.Jadison-Note/Documents/RocketSeat/Backup/android/.gradle/5.4.1/executionHistory/executionHistory.lock'
2019-08-01 14:40:03: Copiar Sobre 'C:/Users/Jadison.Jadison-Note/Documents/RocketSeat/Mobile/modulo06/android/.gradle/5.4.1/fileChanges/last-build.bin' -> 'C:/Users/Jadison.Jadison-Note/Documents/RocketSeat/Backup/android/.gradle/5.4.1/fileChanges/last-build.bin'
2019-08-01 14:40:03: Copiar Sobre 'C:/Users/Jadison.Jadison-Note/Documents/RocketSeat/Mobile/modulo06/android/.gradle/5.4.1/fileContent/fileContent.lock' -> 'C:/Users/Jadison.Jadison-Note/Documents/RocketSeat/Backup/android/.gradle/5.4.1/fileContent/fileContent.lock'
2019-08-01 14:40:03: Copiar Sobre 'C:/Users/Jadison.Jadison-Note/Documents/RocketSeat/Mobile/modulo06/android/.gradle/5.4.1/fileHashes/fileHashes.bin' -> 'C:/Users/Jadison.Jadison-Note/Documents/RocketSeat/Backup/android/.gradle/5.4.1/fileHashes/fileHashes.bin'
2019-08-01 14:40:03: Copiar Sobre 'C:/Users/Jadison.Jadison-Note/Documents/RocketSeat/Mobile/modulo06/android/.gradle/5.4.1/fileHashes/fileHashes.lock' -> 'C:/Users/Jadison.Jadison-Note/Documents/RocketSeat/Backup/android/.gradle/5.4.1/fileHashes/fileHashes.lock'
2019-08-01 14:40:03: Copiar Sobre 'C:/Users/Jadison.Jadison-Note/Documents/RocketSeat/Mobile/modulo06/android/.gradle/5.4.1/gc.properties' -> 'C:/Users/Jadison.Jadison-Note/Documents/RocketSeat/Backup/android/.gradle/5.4.1/gc.properties'
2019-08-01 14:40:03: Copiar Sobre 'C:/Users/Jadison.Jadison-Note/Documents/RocketSeat/Mobile/modulo06/android/.gradle/5.4.1/javaCompile/classAnalysis.bin' -> 'C:/Users/Jadison.Jadison-Note/Documents/RocketSeat/Backup/android/.gradle/5.4.1/javaCompile/classAnalysis.bin'
2019-08-01 14:40:03: Copiar Sobre 'C:/Users/Jadison.Jadison-Note/Documents/RocketSeat/Mobile/modulo06/android/.gradle/5.4.1/javaCompile/javaCompile.lock' -> 'C:/Users/Jadison.Jadison-Note/Documents/RocketSeat/Backup/android/.gradle/5.4.1/javaCompile/javaCompile.lock'
2019-08-01 14:40:03: Copiar Sobre 'C:/Users/Jadison.Jadison-Note/Documents/RocketSeat/Mobile/modulo06/android/.gradle/5.4.1/javaCompile/taskHistory.bin' -> 'C:/Users/Jadison.Jadison-Note/Documents/RocketSeat/Backup/android/.gradle/5.4.1/javaCompile/taskHistory.bin'
2019-08-01 14:40:03: Copiar Sobre 'C:/Users/Jadison.Jadison-Note/Documents/RocketSeat/Mobile/modulo06/android/.gradle/buildOutputCleanup/buildOutputCleanup.lock' -> 'C:/Users/Jadison.Jadison-Note/Documents/RocketSeat/Backup/android/.gradle/buildOutputCleanup/buildOutputCleanup.lock'
2019-08-01 14:40:03: Copiar Sobre 'C:/Users/Jadison.Jadison-Note/Documents/RocketSeat/Mobile/modulo06/android/.gradle/buildOutputCleanup/outputFiles.bin' -> 'C:/Users/Jadison.Jadison-Note/Documents/RocketSeat/Backup/android/.gradle/buildOutputCleanup/outputFiles.bin'
2019-08-01 14:40:03: Copiar Sobre 'C:/Users/Jadison.Jadison-Note/Documents/RocketSeat/Mobile/modulo06/android/.gradle/vcs-1/gc.properties' -> 'C:/Users/Jadison.Jadison-Note/Documents/RocketSeat/Backup/android/.gradle/vcs-1/gc.properties'
2019-08-01 14:40:03: Copiar Sobre 'C:/Users/Jadison.Jadison-Note/Documents/RocketSeat/Mobile/modulo06/android/app/build/generated/rncli/src/main/java/com/facebook/react/PackageList.java' -> 'C:/Users/Jadison.Jadison-Note/Documents/RocketSeat/Backup/android/app/build/generated/rncli/src/main/java/com/facebook/react/PackageList.java'
2019-08-01 14:40:03: Copiar Sobre 'C:/Users/Jadison.Jadison-Note/Documents/RocketSeat/Mobile/modulo06/android/app/build/intermediates/incremental/packageDebug/tmp/debug/dex-renamer-state.txt' -> 'C:/Users/Jadison.Jadison-Note/Documents/RocketSeat/Backup/android/app/build/intermediates/incremental/packageDebug/tmp/debug/dex-renamer-state.txt'
2019-08-01 14:40:03: Copiar Novo 'C:/Users/Jadison.Jadison-Note/Documents/RocketSeat/Mobile/modulo06/android/app/build/intermediates/javac/debug/compileDebugJavaWithJavac/classes/com/modulo06/MainActivity$1.class' -> 'C:/Users/Jadison.Jadison-Note/Documents/RocketSeat/Backup/android/app/build/intermediates/javac/debug/compileDebugJavaWithJavac/classes/com/modulo06/MainActivity$1.class'
2019-08-01 14:40:03: Copiar Sobre 'C:/Users/Jadison.Jadison-Note/Documents/RocketSeat/Mobile/modulo06/android/app/build/intermediates/javac/debug/compileDebugJavaWithJavac/classes/com/modulo06/MainActivity.class' -> 'C:/Users/Jadison.Jadison-Note/Documents/RocketSeat/Backup/android/app/build/intermediates/javac/debug/compileDebugJavaWithJavac/classes/com/modulo06/MainActivity.class'
2019-08-01 14:40:03: Copiar Sobre 'C:/Users/Jadison.Jadison-Note/Documents/RocketSeat/Mobile/modulo06/android/app/build/intermediates/javac/debug/compileDebugJavaWithJavac/classes/com/modulo06/MainApplication$1.class' -> 'C:/Users/Jadison.Jadison-Note/Documents/RocketSeat/Backup/android/app/build/intermediates/javac/debug/compileDebugJavaWithJavac/classes/com/modulo06/MainApplication$1.class'
2019-08-01 14:40:03: Copiar Sobre 'C:/Users/Jadison.Jadison-Note/Documents/RocketSeat/Mobile/modulo06/android/app/build/intermediates/javac/debug/compileDebugJavaWithJavac/classes/com/modulo06/MainApplication.class' -> 'C:/Users/Jadison.Jadison-Note/Documents/RocketSeat/Backup/android/app/build/intermediates/javac/debug/compileDebugJavaWithJavac/classes/com/modulo06/MainApplication.class'
2019-08-01 14:40:03: Copiar Novo 'C:/Users/Jadison.Jadison-Note/Documents/RocketSeat/Mobile/modulo06/android/app/build/intermediates/transforms/dexBuilder/debug/48/com/modulo06/MainActivity$1.dex' -> 'C:/Users/Jadison.Jadison-Note/Documents/RocketSeat/Backup/android/app/build/intermediates/transforms/dexBuilder/debug/48/com/modulo06/MainActivity$1.dex'
2019-08-01 14:40:03: Copiar Sobre 'C:/Users/Jadison.Jadison-Note/Documents/RocketSeat/Mobile/modulo06/android/app/build/intermediates/transforms/dexBuilder/debug/48/com/modulo06/MainActivity.dex' -> 'C:/Users/Jadison.Jadison-Note/Documents/RocketSeat/Backup/android/app/build/intermediates/transforms/dexBuilder/debug/48/com/modulo06/MainActivity.dex'
2019-08-01 14:40:03: Copiar Sobre 'C:/Users/Jadison.Jadison-Note/Documents/RocketSeat/Mobile/modulo06/android/app/build/intermediates/transforms/dexBuilder/debug/48/com/modulo06/MainApplication$1.dex' -> 'C:/Users/Jadison.Jadison-Note/Documents/RocketSeat/Backup/android/app/build/intermediates/transforms/dexBuilder/debug/48/com/modulo06/MainApplication$1.dex'
2019-08-01 14:40:03: Copiar Sobre 'C:/Users/Jadison.Jadison-Note/Documents/RocketSeat/Mobile/modulo06/android/app/build/intermediates/transforms/dexBuilder/debug/48/com/modulo06/MainApplication.dex' -> 'C:/Users/Jadison.Jadison-Note/Documents/RocketSeat/Backup/android/app/build/intermediates/transforms/dexBuilder/debug/48/com/modulo06/MainApplication.dex'
2019-08-01 14:40:03: Copiar Sobre 'C:/Users/Jadison.Jadison-Note/Documents/RocketSeat/Mobile/modulo06/android/app/build/intermediates/transforms/dexBuilder/debug/__content__.json' -> 'C:/Users/Jadison.Jadison-Note/Documents/RocketSeat/Backup/android/app/build/intermediates/transforms/dexBuilder/debug/__content__.json'
2019-08-01 14:40:03: Copiar Sobre 'C:/Users/Jadison.Jadison-Note/Documents/RocketSeat/Mobile/modulo06/android/app/build/intermediates/transforms/dexMerger/debug/0/classes.dex' -> 'C:/Users/Jadison.Jadison-Note/Documents/RocketSeat/Backup/android/app/build/intermediates/transforms/dexMerger/debug/0/classes.dex'
2019-08-01 14:40:03: Copiar Sobre 'C:/Users/Jadison.Jadison-Note/Documents/RocketSeat/Mobile/modulo06/android/app/build/intermediates/transforms/dexMerger/debug/__content__.json' -> 'C:/Users/Jadison.Jadison-Note/Documents/RocketSeat/Backup/android/app/build/intermediates/transforms/dexMerger/debug/__content__.json'
2019-08-01 14:40:03: Copiar Sobre 'C:/Users/Jadison.Jadison-Note/Documents/RocketSeat/Mobile/modulo06/android/app/build/intermediates/transforms/externalLibsDexMerger/debug/__content__.json' -> 'C:/Users/Jadison.Jadison-Note/Documents/RocketSeat/Backup/android/app/build/intermediates/transforms/externalLibsDexMerger/debug/__content__.json'
2019-08-01 14:40:03: Copiar Sobre 'C:/Users/Jadison.Jadison-Note/Documents/RocketSeat/Mobile/modulo06/android/app/build/outputs/apk/debug/app-debug.apk' -> 'C:/Users/Jadison.Jadison-Note/Documents/RocketSeat/Backup/android/app/build/outputs/apk/debug/app-debug.apk'
2019-08-01 14:40:03: Copiar Sobre 'C:/Users/Jadison.Jadison-Note/Documents/RocketSeat/Mobile/modulo06/android/app/build/outputs/apk/debug/output.json' -> 'C:/Users/Jadison.Jadison-Note/Documents/RocketSeat/Backup/android/app/build/outputs/apk/debug/output.json'
2019-08-01 14:40:03: Copiar Sobre 'C:/Users/Jadison.Jadison-Note/Documents/RocketSeat/Mobile/modulo06/android/app/build.gradle' -> 'C:/Users/Jadison.Jadison-Note/Documents/RocketSeat/Backup/android/app/build.gradle'
2019-08-01 14:40:03: Copiar Sobre 'C:/Users/Jadison.Jadison-Note/Documents/RocketSeat/Mobile/modulo06/android/app/src/main/java/com/modulo06/MainActivity.java' -> 'C:/Users/Jadison.Jadison-Note/Documents/RocketSeat/Backup/android/app/src/main/java/com/modulo06/MainActivity.java'
2019-08-01 14:40:03: Copiar Sobre 'C:/Users/Jadison.Jadison-Note/Documents/RocketSeat/Mobile/modulo06/android/app/src/main/java/com/modulo06/MainApplication.java' -> 'C:/Users/Jadison.Jadison-Note/Documents/RocketSeat/Backup/android/app/src/main/java/com/modulo06/MainApplication.java'
2019-08-01 14:40:03: Copiar Sobre 'C:/Users/Jadison.Jadison-Note/Documents/RocketSeat/Mobile/modulo06/android/app/src/main/res/values/strings.xml' -> 'C:/Users/Jadison.Jadison-Note/Documents/RocketSeat/Backup/android/app/src/main/res/values/strings.xml'
2019-08-01 14:40:03: Copiar Sobre 'C:/Users/Jadison.Jadison-Note/Documents/RocketSeat/Mobile/modulo06/android/settings.gradle' -> 'C:/Users/Jadison.Jadison-Note/Documents/RocketSeat/Backup/android/settings.gradle'
2019-08-01 14:40:03: Copiar Sobre 'C:/Users/Jadison.Jadison-Note/Documents/RocketSeat/Mobile/modulo06/ios/Podfile' -> 'C:/Users/Jadison.Jadison-Note/Documents/RocketSeat/Backup/ios/Podfile'
2019-08-01 14:40:04: Copiar Sobre 'C:/Users/Jadison.Jadison-Note/Documents/RocketSeat/Mobile/modulo06/src/pages/Main/index.js' -> 'C:/Users/Jadison.Jadison-Note/Documents/RocketSeat/Backup/src/pages/Main/index.js'
2019-08-01 14:40:04: Copiar Sobre 'C:/Users/Jadison.Jadison-Note/Documents/RocketSeat/Mobile/modulo06/src/pages/Main/styles.js' -> 'C:/Users/Jadison.Jadison-Note/Documents/RocketSeat/Backup/src/pages/Main/styles.js'
2019-08-01 14:40:06: ===== Sincronia Completada. Tempo: 00:00:04, Velocidade: 16,5 MB/s =====, Itens Sincronizados OK: 37, Erros: 0
2019-08-01 14:40:06: 
